# JRE version: OpenJDK Runtime Environment (11.0.8+10) (build 11.0.8+10-post-Ubuntu-0ubuntu118.04.1)
# Java VM: OpenJDK 64-Bit Server VM (11.0.8+10-post-Ubuntu-0ubuntu118.04.1, mixed mode, sharing, tiered, compressed oops, serial gc, linux-amd64)
Heap:
 def new generation   total 2432K, used 1379K [0x00000000f8000000, 0x00000000f82a0000, 0x00000000faaa0000)
  eden space 2176K,  51% used [0x00000000f8000000, 0x00000000f8118f48, 0x00000000f8220000)
  from space 256K, 100% used [0x00000000f8220000, 0x00000000f8260000, 0x00000000f8260000)
  to   space 256K,   0% used [0x00000000f8260000, 0x00000000f8260000, 0x00000000f82a0000)
 tenured generation   total 5504K, used 2853K [0x00000000faaa0000, 0x00000000fb000000, 0x0000000100000000)
   the space 5504K,  51% used [0x00000000faaa0000, 0x00000000fad69450, 0x00000000fad69600, 0x00000000fb000000)
 Metaspace       used 11098K, capacity 11569K, committed 11776K, reserved 1058816K
  class space    used 1242K, capacity 1489K, committed 1536K, reserved 1048576K
GC Heap History (12 events):
Event: 1.206 GC heap before
{Heap before GC invocations=0 (full 0):
 def new generation   total 2432K, used 2176K [0x00000000f8000000, 0x00000000f82a0000, 0x00000000faaa0000)
  eden space 2176K, 100% used [0x00000000f8000000, 0x00000000f8220000, 0x00000000f8220000)
  from space 256K,   0% used [0x00000000f8220000, 0x00000000f8220000, 0x00000000f8260000)
  to   space 256K,   0% used [0x00000000f8260000, 0x00000000f8260000, 0x00000000f82a0000)
 tenured generation   total 5504K, used 0K [0x00000000faaa0000, 0x00000000fb000000, 0x0000000100000000)
   the space 5504K,   0% used [0x00000000faaa0000, 0x00000000faaa0000, 0x00000000faaa0200, 0x00000000fb000000)
 Metaspace       used 1323K, capacity 4643K, committed 4864K, reserved 1056768K
  class space    used 130K, capacity 441K, committed 512K, reserved 1048576K
}
Event: 1.271 GC heap after
{Heap after GC invocations=1 (full 0):
 def new generation   total 2432K, used 256K [0x00000000f8000000, 0x00000000f82a0000, 0x00000000faaa0000)
  eden space 2176K,   0% used [0x00000000f8000000, 0x00000000f8000000, 0x00000000f8220000)
  from space 256K, 100% used [0x00000000f8260000, 0x00000000f82a0000, 0x00000000f82a0000)
  to   space 256K,   0% used [0x00000000f8220000, 0x00000000f8220000, 0x00000000f8260000)
 tenured generation   total 5504K, used 621K [0x00000000faaa0000, 0x00000000fb000000, 0x0000000100000000)
   the space 5504K,  11% used [0x00000000faaa0000, 0x00000000fab3b7b0, 0x00000000fab3b800, 0x00000000fb000000)
 Metaspace       used 1323K, capacity 4643K, committed 4864K, reserved 1056768K
  class space    used 130K, capacity 441K, committed 512K, reserved 1048576K
}
Event: 7.899 GC heap before
{Heap before GC invocations=1 (full 0):
 def new generation   total 2432K, used 2431K [0x00000000f8000000, 0x00000000f82a0000, 0x00000000faaa0000)
  eden space 2176K,  99% used [0x00000000f8000000, 0x00000000f821ffc0, 0x00000000f8220000)
  from space 256K, 100% used [0x00000000f8260000, 0x00000000f82a0000, 0x00000000f82a0000)
  to   space 256K,   0% used [0x00000000f8220000, 0x00000000f8220000, 0x00000000f8260000)
 tenured generation   total 5504K, used 621K [0x00000000faaa0000, 0x00000000fb000000, 0x0000000100000000)
   the space 5504K,  11% used [0x00000000faaa0000, 0x00000000fab3b7b0, 0x00000000fab3b800, 0x00000000fb000000)
 Metaspace       used 4206K, capacity 4868K, committed 4992K, reserved 1056768K
  class space    used 432K, capacity 523K, committed 640K, reserved 1048576K
}
Event: 7.933 GC heap after
{Heap after GC invocations=2 (full 0):
 def new generation   total 2432K, used 256K [0x00000000f8000000, 0x00000000f82a0000, 0x00000000faaa0000)
  eden space 2176K,   0% used [0x00000000f8000000, 0x00000000f8000000, 0x00000000f8220000)
  from space 256K, 100% used [0x00000000f8220000, 0x00000000f8260000, 0x00000000f8260000)
  to   space 256K,   0% used [0x00000000f8260000, 0x00000000f8260000, 0x00000000f82a0000)
 tenured generation   total 5504K, used 1116K [0x00000000faaa0000, 0x00000000fb000000, 0x0000000100000000)
   the space 5504K,  20% used [0x00000000faaa0000, 0x00000000fabb7368, 0x00000000fabb7400, 0x00000000fb000000)
 Metaspace       used 4206K, capacity 4868K, committed 4992K, reserved 1056768K
  class space    used 432K, capacity 523K, committed 640K, reserved 1048576K
}
Event: 8.621 GC heap before
{Heap before GC invocations=2 (full 0):
 def new generation   total 2432K, used 2431K [0x00000000f8000000, 0x00000000f82a0000, 0x00000000faaa0000)
  eden space 2176K,  99% used [0x00000000f8000000, 0x00000000f821fc98, 0x00000000f8220000)
  from space 256K, 100% used [0x00000000f8220000, 0x00000000f8260000, 0x00000000f8260000)
  to   space 256K,   0% used [0x00000000f8260000, 0x00000000f8260000, 0x00000000f82a0000)
 tenured generation   total 5504K, used 1116K [0x00000000faaa0000, 0x00000000fb000000, 0x0000000100000000)
   the space 5504K,  20% used [0x00000000faaa0000, 0x00000000fabb7368, 0x00000000fabb7400, 0x00000000fb000000)
 Metaspace       used 5777K, capacity 6074K, committed 6272K, reserved 1056768K
  class space    used 642K, capacity 786K, committed 896K, reserved 1048576K
}
Event: 8.627 GC heap after
{Heap after GC invocations=3 (full 0):
 def new generation   total 2432K, used 256K [0x00000000f8000000, 0x00000000f82a0000, 0x00000000faaa0000)
  eden space 2176K,   0% used [0x00000000f8000000, 0x00000000f8000000, 0x00000000f8220000)
  from space 256K, 100% used [0x00000000f8260000, 0x00000000f82a0000, 0x00000000f82a0000)
  to   space 256K,   0% used [0x00000000f8220000, 0x00000000f8220000, 0x00000000f8260000)
 tenured generation   total 5504K, used 1504K [0x00000000faaa0000, 0x00000000fb000000, 0x0000000100000000)
   the space 5504K,  27% used [0x00000000faaa0000, 0x00000000fac18020, 0x00000000fac18200, 0x00000000fb000000)
 Metaspace       used 5777K, capacity 6074K, committed 6272K, reserved 1056768K
  class space    used 642K, capacity 786K, committed 896K, reserved 1048576K
}
Event: 9.659 GC heap before
{Heap before GC invocations=3 (full 0):
 def new generation   total 2432K, used 2432K [0x00000000f8000000, 0x00000000f82a0000, 0x00000000faaa0000)
  eden space 2176K, 100% used [0x00000000f8000000, 0x00000000f8220000, 0x00000000f8220000)
  from space 256K, 100% used [0x00000000f8260000, 0x00000000f82a0000, 0x00000000f82a0000)
  to   space 256K,   0% used [0x00000000f8220000, 0x00000000f8220000, 0x00000000f8260000)
 tenured generation   total 5504K, used 1504K [0x00000000faaa0000, 0x00000000fb000000, 0x0000000100000000)
   the space 5504K,  27% used [0x00000000faaa0000, 0x00000000fac18020, 0x00000000fac18200, 0x00000000fb000000)
 Metaspace       used 7712K, capacity 8028K, committed 8320K, reserved 1056768K
  class space    used 862K, capacity 1032K, committed 1152K, reserved 1048576K
}
Event: 9.665 GC heap after
{Heap after GC invocations=4 (full 0):
 def new generation   total 2432K, used 224K [0x00000000f8000000, 0x00000000f82a0000, 0x00000000faaa0000)
  eden space 2176K,   0% used [0x00000000f8000000, 0x00000000f8000000, 0x00000000f8220000)
  from space 256K,  87% used [0x00000000f8220000, 0x00000000f8258138, 0x00000000f8260000)
  to   space 256K,   0% used [0x00000000f8260000, 0x00000000f8260000, 0x00000000f82a0000)
 tenured generation   total 5504K, used 2377K [0x00000000faaa0000, 0x00000000fb000000, 0x0000000100000000)
   the space 5504K,  43% used [0x00000000faaa0000, 0x00000000facf2728, 0x00000000facf2800, 0x00000000fb000000)
 Metaspace       used 7712K, capacity 8028K, committed 8320K, reserved 1056768K
  class space    used 862K, capacity 1032K, committed 1152K, reserved 1048576K
}
Event: 10.308 GC heap before
{Heap before GC invocations=4 (full 0):
 def new generation   total 2432K, used 2400K [0x00000000f8000000, 0x00000000f82a0000, 0x00000000faaa0000)
  eden space 2176K, 100% used [0x00000000f8000000, 0x00000000f8220000, 0x00000000f8220000)
  from space 256K,  87% used [0x00000000f8220000, 0x00000000f8258138, 0x00000000f8260000)
  to   space 256K,   0% used [0x00000000f8260000, 0x00000000f8260000, 0x00000000f82a0000)
 tenured generation   total 5504K, used 2377K [0x00000000faaa0000, 0x00000000fb000000, 0x0000000100000000)
   the space 5504K,  43% used [0x00000000faaa0000, 0x00000000facf2728, 0x00000000facf2800, 0x00000000fb000000)
 Metaspace       used 9164K, capacity 9562K, committed 9728K, reserved 1058816K
  class space    used 1048K, capacity 1268K, committed 1280K, reserved 1048576K
}
Event: 10.329 GC heap after
{Heap after GC invocations=5 (full 0):
 def new generation   total 2432K, used 256K [0x00000000f8000000, 0x00000000f82a0000, 0x00000000faaa0000)
  eden space 2176K,   0% used [0x00000000f8000000, 0x00000000f8000000, 0x00000000f8220000)
  from space 256K, 100% used [0x00000000f8260000, 0x00000000f82a0000, 0x00000000f82a0000)
  to   space 256K,   0% used [0x00000000f8220000, 0x00000000f8220000, 0x00000000f8260000)
 tenured generation   total 5504K, used 2595K [0x00000000faaa0000, 0x00000000fb000000, 0x0000000100000000)
   the space 5504K,  47% used [0x00000000faaa0000, 0x00000000fad28e40, 0x00000000fad29000, 0x00000000fb000000)
 Metaspace       used 9164K, capacity 9562K, committed 9728K, reserved 1058816K
  class space    used 1048K, capacity 1268K, committed 1280K, reserved 1048576K
}
Event: 15.896 GC heap before
{Heap before GC invocations=5 (full 0):
 def new generation   total 2432K, used 2431K [0x00000000f8000000, 0x00000000f82a0000, 0x00000000faaa0000)
  eden space 2176K,  99% used [0x00000000f8000000, 0x00000000f821ff60, 0x00000000f8220000)
  from space 256K, 100% used [0x00000000f8260000, 0x00000000f82a0000, 0x00000000f82a0000)
  to   space 256K,   0% used [0x00000000f8220000, 0x00000000f8220000, 0x00000000f8260000)
 tenured generation   total 5504K, used 2595K [0x00000000faaa0000, 0x00000000fb000000, 0x0000000100000000)
   the space 5504K,  47% used [0x00000000faaa0000, 0x00000000fad28e40, 0x00000000fad29000, 0x00000000fb000000)
 Metaspace       used 10252K, capacity 10737K, committed 11008K, reserved 1058816K
  class space    used 1183K, capacity 1425K, committed 1536K, reserved 1048576K
}
Event: 15.899 GC heap after
{Heap after GC invocations=6 (full 0):
 def new generation   total 2432K, used 256K [0x00000000f8000000, 0x00000000f82a0000, 0x00000000faaa0000)
  eden space 2176K,   0% used [0x00000000f8000000, 0x00000000f8000000, 0x00000000f8220000)
  from space 256K, 100% used [0x00000000f8220000, 0x00000000f8260000, 0x00000000f8260000)
  to   space 256K,   0% used [0x00000000f8260000, 0x00000000f8260000, 0x00000000f82a0000)
 tenured generation   total 5504K, used 2853K [0x00000000faaa0000, 0x00000000fb000000, 0x0000000100000000)
   the space 5504K,  51% used [0x00000000faaa0000, 0x00000000fad69450, 0x00000000fad69600, 0x00000000fb000000)
 Metaspace       used 10252K, capacity 10737K, committed 11008K, reserved 1058816K
  class space    used 1183K, capacity 1425K, committed 1536K, reserved 1048576K
}

